Log: [87841af5-5e0c-4368-80e0-4b08e82820e0: 2023-05-17T17:13:22.114522+0300 - INFO - Request to access / 
Log: [87841af5-5e0c-4368-80e0-4b08e82820e0: 2023-05-17T17:13:22.118513+0300 - INFO - Successfully accessed / 
Log: [38c4cfca-7383-45dc-b607-15ef402eaef5: 2023-05-17T17:13:32.189870+0300 - INFO - Request to access /service_in_hand/ 
Log: [38c4cfca-7383-45dc-b607-15ef402eaef5: 2023-05-17T17:13:32.192866+0300 - INFO - Successfully accessed /service_in_hand/ 
Log: [2f17ece6-2061-4911-9789-faddb3a44ffb: 2023-05-17T17:13:41.184922+0300 - INFO - Request to access /service_in_hand/1 
Log: [2f17ece6-2061-4911-9789-faddb3a44ffb: 2023-05-17T17:13:41.187914+0300 - INFO - Successfully accessed /service_in_hand/1 
Log: [beffe35b-f876-432c-b9c9-f07d0b62b44f: 2023-05-17T17:14:24.973271+0300 - INFO - Request to access /service_in_hand/1 
Log: [beffe35b-f876-432c-b9c9-f07d0b62b44f: 2023-05-17T17:14:24.976262+0300 - INFO - Successfully accessed /service_in_hand/1 
Log: [0667317b-c6bf-4313-8398-9fc7ddc7de58: 2023-05-17T17:14:36.781645+0300 - INFO - Request to access /1 
Log: [0667317b-c6bf-4313-8398-9fc7ddc7de58: 2023-05-17T17:14:36.784635+0300 - INFO - Successfully accessed /1 
Log: [34892926-d12a-40ee-b9c4-3972378d2ce5: 2023-05-17T17:17:24.743965+0300 - INFO - Request to access /service_in_hand 
Log: [34892926-d12a-40ee-b9c4-3972378d2ce5: 2023-05-17T17:17:24.749957+0300 - INFO - Successfully accessed /service_in_hand 
Log: [70d5d4e5-0001-4117-8719-16a78cb623cd: 2023-05-17T17:17:27.914996+0300 - INFO - Request to access /service_in_hand 
Log: [70d5d4e5-0001-4117-8719-16a78cb623cd: 2023-05-17T17:17:27.918069+0300 - INFO - Successfully accessed /service_in_hand 
Log: [b80254d4-2072-4ed4-94b7-6753999fb034: 2023-05-17T17:17:32.177019+0300 - INFO - Request to access /service_in_hand/1 
Log: [b80254d4-2072-4ed4-94b7-6753999fb034: 2023-05-17T17:17:32.182006+0300 - INFO - Successfully accessed /service_in_hand/1 
Log: [67f4e21a-bd60-438f-a96a-af7db03a6f12: 2023-05-17T17:17:52.991284+0300 - INFO - Request to access /service_in_hand/2 
Log: [67f4e21a-bd60-438f-a96a-af7db03a6f12: 2023-05-17T17:17:52.995206+0300 - INFO - Successfully accessed /service_in_hand/2 
Log: [a85680f5-fd3d-42b1-b45b-fd1bd93b5ef1: 2023-05-17T17:18:46.913851+0300 - INFO - Request to access /service_in_hand/2 
Log: [a85680f5-fd3d-42b1-b45b-fd1bd93b5ef1: 2023-05-17T17:18:46.921833+0300 - INFO - Successfully accessed /service_in_hand/2 
Log: [28791f05-dd00-469d-8b09-9f6a7e751f61: 2023-05-30T19:07:31.384001+0300 - INFO - Request to access //service_in_hand/1 
Log: [28791f05-dd00-469d-8b09-9f6a7e751f61: 2023-05-30T19:07:31.392967+0300 - INFO - Successfully accessed //service_in_hand/1 
Log: [28791f05-dd00-469d-8b09-9f6a7e751f61: 2023-05-30T19:07:31.392967+0300 - INFO - Successfully accessed //service_in_hand/1 
Log: [5996068a-6f10-4f11-9695-58f533a010ed: 2023-05-30T19:07:43.617350+0300 - INFO - Request to access //service_in_hand/2 
Log: [5996068a-6f10-4f11-9695-58f533a010ed: 2023-05-30T19:07:43.617350+0300 - INFO - Request to access //service_in_hand/2 
Log: [5996068a-6f10-4f11-9695-58f533a010ed: 2023-05-30T19:07:43.622340+0300 - INFO - Successfully accessed //service_in_hand/2 
Log: [5996068a-6f10-4f11-9695-58f533a010ed: 2023-05-30T19:07:43.622340+0300 - INFO - Successfully accessed //service_in_hand/2 
Log: [76426497-b729-42f7-b7a7-022c5a65a12d: 2023-05-30T19:08:46.997769+0300 - INFO - Request to access /service_in_hand/2 
Log: [76426497-b729-42f7-b7a7-022c5a65a12d: 2023-05-30T19:08:46.997769+0300 - INFO - Request to access /service_in_hand/2 
Log: [76426497-b729-42f7-b7a7-022c5a65a12d: 2023-05-30T19:08:47.004752+0300 - INFO - Successfully accessed /service_in_hand/2 
Log: [76426497-b729-42f7-b7a7-022c5a65a12d: 2023-05-30T19:08:47.004752+0300 - INFO - Successfully accessed /service_in_hand/2 
Log: [14dbc751-26dc-4647-9c47-4885b7104403: 2023-05-30T19:09:08.356141+0300 - INFO - Request to access //service_in_hand/1 
Log: [14dbc751-26dc-4647-9c47-4885b7104403: 2023-05-30T19:09:08.356141+0300 - INFO - Request to access //service_in_hand/1 
Log: [14dbc751-26dc-4647-9c47-4885b7104403: 2023-05-30T19:09:08.361127+0300 - INFO - Successfully accessed //service_in_hand/1 
Log: [f467b270-1c00-40a4-a7d9-355215c9f4a2: 2023-05-30T19:09:15.823324+0300 - INFO - Request to access /service_in_hand/1 
Log: [f467b270-1c00-40a4-a7d9-355215c9f4a2: 2023-05-30T19:09:15.823324+0300 - INFO - Request to access /service_in_hand/1 
Log: [f467b270-1c00-40a4-a7d9-355215c9f4a2: 2023-05-30T19:09:15.827314+0300 - INFO - Successfully accessed /service_in_hand/1 
Log: [f467b270-1c00-40a4-a7d9-355215c9f4a2: 2023-05-30T19:09:15.827314+0300 - INFO - Successfully accessed /service_in_hand/1 
Log: [1d516ecd-8a4a-45a6-ad6f-bacbf138b843: 2023-05-30T19:12:04.542812+0300 - INFO - Request to access /users 
Log: [1d516ecd-8a4a-45a6-ad6f-bacbf138b843: 2023-05-30T19:12:04.542812+0300 - INFO - Request to access /users 
Log: [1d516ecd-8a4a-45a6-ad6f-bacbf138b843: 2023-05-30T19:12:04.545805+0300 - INFO - Successfully accessed /users 
Log: [1d516ecd-8a4a-45a6-ad6f-bacbf138b843: 2023-05-30T19:12:04.545805+0300 - INFO - Successfully accessed /users 
Log: [a54b0363-04c0-44da-9013-fcae1e763ed1: 2023-05-30T20:03:08.981631+0300 - INFO - Request to access /service_in_hand/2 
Log: [a54b0363-04c0-44da-9013-fcae1e763ed1: 2023-05-30T20:03:08.981631+0300 - INFO - Request to access /service_in_hand/2 
Log: [a54b0363-04c0-44da-9013-fcae1e763ed1: 2023-05-30T20:03:08.993600+0300 - INFO - Successfully accessed /service_in_hand/2 
Log: [a54b0363-04c0-44da-9013-fcae1e763ed1: 2023-05-30T20:03:08.993600+0300 - INFO - Successfully accessed /service_in_hand/2 
Log: [c5ade0b7-3503-4ed9-b36a-4694b17f1650: 2023-05-30T20:07:26.696988+0300 - INFO - Request to access /service_in_hand/3 
Log: [c5ade0b7-3503-4ed9-b36a-4694b17f1650: 2023-05-30T20:07:26.696988+0300 - INFO - Request to access /service_in_hand/3 
Log: [c5ade0b7-3503-4ed9-b36a-4694b17f1650: 2023-05-30T20:07:26.701975+0300 - INFO - Successfully accessed /service_in_hand/3 
Log: [c5ade0b7-3503-4ed9-b36a-4694b17f1650: 2023-05-30T20:07:26.701975+0300 - INFO - Successfully accessed /service_in_hand/3 
Log: [fbc3eaa5-70f6-4f0d-8d74-3b79cdb1874e: 2023-05-30T20:09:53.257635+0300 - INFO - Request to access /service_in_hand/1 
Log: [fbc3eaa5-70f6-4f0d-8d74-3b79cdb1874e: 2023-05-30T20:09:53.257635+0300 - INFO - Request to access /service_in_hand/1 
Log: [fbc3eaa5-70f6-4f0d-8d74-3b79cdb1874e: 2023-05-30T20:09:53.263620+0300 - INFO - Successfully accessed /service_in_hand/1 
Log: [fbc3eaa5-70f6-4f0d-8d74-3b79cdb1874e: 2023-05-30T20:09:53.263620+0300 - INFO - Successfully accessed /service_in_hand/1 
Log: [0c9277bd-f8e0-4b1b-9e07-b9ceef5fd4f4: 2023-05-30T20:14:36.692403+0300 - INFO - Request to access /service_in_hand/3 
Log: [0c9277bd-f8e0-4b1b-9e07-b9ceef5fd4f4: 2023-05-30T20:14:36.692403+0300 - INFO - Request to access /service_in_hand/3 
Log: [0c9277bd-f8e0-4b1b-9e07-b9ceef5fd4f4: 2023-05-30T20:14:36.700382+0300 - INFO - Successfully accessed /service_in_hand/3 
Log: [0c9277bd-f8e0-4b1b-9e07-b9ceef5fd4f4: 2023-05-30T20:14:36.700382+0300 - INFO - Successfully accessed /service_in_hand/3 
Log: [14a4c72b-5db1-46d7-9904-52898d787b07: 2023-05-30T20:15:05.626403+0300 - INFO - Request to access /service_in_hand/3 
Log: [14a4c72b-5db1-46d7-9904-52898d787b07: 2023-05-30T20:15:05.626403+0300 - INFO - Request to access /service_in_hand/3 
Log: [14a4c72b-5db1-46d7-9904-52898d787b07: 2023-05-30T20:15:05.632388+0300 - INFO - Successfully accessed /service_in_hand/3 
Log: [14a4c72b-5db1-46d7-9904-52898d787b07: 2023-05-30T20:15:05.632388+0300 - INFO - Successfully accessed /service_in_hand/3 
Log: [a82faff2-906a-4080-b1c4-fe6ebedaa9e1: 2023-05-30T20:15:06.955851+0300 - INFO - Request to access /service_in_hand/3 
Log: [a82faff2-906a-4080-b1c4-fe6ebedaa9e1: 2023-05-30T20:15:06.955851+0300 - INFO - Request to access /service_in_hand/3 
Log: [a82faff2-906a-4080-b1c4-fe6ebedaa9e1: 2023-05-30T20:15:06.963827+0300 - INFO - Successfully accessed /service_in_hand/3 
Log: [a82faff2-906a-4080-b1c4-fe6ebedaa9e1: 2023-05-30T20:15:06.963827+0300 - INFO - Successfully accessed /service_in_hand/3 
Log: [614e75ab-b3cd-42a4-bd31-343673487d0b: 2023-05-30T20:15:08.982443+0300 - INFO - Request to access /service_in_hand/3 
Log: [614e75ab-b3cd-42a4-bd31-343673487d0b: 2023-05-30T20:15:08.982443+0300 - INFO - Request to access /service_in_hand/3 
Log: [614e75ab-b3cd-42a4-bd31-343673487d0b: 2023-05-30T20:15:08.988413+0300 - INFO - Successfully accessed /service_in_hand/3 
Log: [614e75ab-b3cd-42a4-bd31-343673487d0b: 2023-05-30T20:15:08.988413+0300 - INFO - Successfully accessed /service_in_hand/3 
Log: [6a02d728-0c74-454a-8c53-2fed8e2de945: 2023-05-30T20:15:13.015653+0300 - INFO - Request to access /service_in_hand/3 
Log: [6a02d728-0c74-454a-8c53-2fed8e2de945: 2023-05-30T20:15:13.015653+0300 - INFO - Request to access /service_in_hand/3 
Log: [6a02d728-0c74-454a-8c53-2fed8e2de945: 2023-05-30T20:15:13.022650+0300 - INFO - Successfully accessed /service_in_hand/3 
Log: [6a02d728-0c74-454a-8c53-2fed8e2de945: 2023-05-30T20:15:13.022650+0300 - INFO - Successfully accessed /service_in_hand/3 
Log: [8821a846-68a8-484d-9806-205034e8f0d6: 2023-05-30T20:16:08.392744+0300 - INFO - Request to access /service_in_hand/3 
Log: [8821a846-68a8-484d-9806-205034e8f0d6: 2023-05-30T20:16:08.392744+0300 - INFO - Request to access /service_in_hand/3 
Log: [8821a846-68a8-484d-9806-205034e8f0d6: 2023-05-30T20:16:08.398725+0300 - INFO - Successfully accessed /service_in_hand/3 
Log: [8821a846-68a8-484d-9806-205034e8f0d6: 2023-05-30T20:16:08.398725+0300 - INFO - Successfully accessed /service_in_hand/3 
Log: [897cc39c-5b5f-4fd2-87d3-3658bfb39bbc: 2023-05-30T20:19:48.461421+0300 - INFO - Request to access //service_in_hand/1 
Log: [897cc39c-5b5f-4fd2-87d3-3658bfb39bbc: 2023-05-30T20:19:48.461421+0300 - INFO - Request to access //service_in_hand/1 
Log: [897cc39c-5b5f-4fd2-87d3-3658bfb39bbc: 2023-05-30T20:19:48.466409+0300 - INFO - Successfully accessed //service_in_hand/1 
Log: [897cc39c-5b5f-4fd2-87d3-3658bfb39bbc: 2023-05-30T20:19:48.466409+0300 - INFO - Successfully accessed //service_in_hand/1 
Log: [eb7fec9d-a7e1-4d2d-afde-cd0939637f9f: 2023-05-30T20:19:53.779226+0300 - INFO - Request to access /service_in_hand/1 
Log: [eb7fec9d-a7e1-4d2d-afde-cd0939637f9f: 2023-05-30T20:19:53.779226+0300 - INFO - Request to access /service_in_hand/1 
Log: [eb7fec9d-a7e1-4d2d-afde-cd0939637f9f: 2023-05-30T20:19:53.785210+0300 - INFO - Successfully accessed /service_in_hand/1 
Log: [eb7fec9d-a7e1-4d2d-afde-cd0939637f9f: 2023-05-30T20:19:53.785210+0300 - INFO - Successfully accessed /service_in_hand/1 
Log: [48d9fab8-3da6-46a4-9e02-7aa5651ab14d: 2023-05-30T20:20:00.873657+0300 - INFO - Request to access /service_in_hand/3 
Log: [48d9fab8-3da6-46a4-9e02-7aa5651ab14d: 2023-05-30T20:20:00.873657+0300 - INFO - Request to access /service_in_hand/3 
Log: [48d9fab8-3da6-46a4-9e02-7aa5651ab14d: 2023-05-30T20:20:00.880638+0300 - INFO - Successfully accessed /service_in_hand/3 
Log: [48d9fab8-3da6-46a4-9e02-7aa5651ab14d: 2023-05-30T20:20:00.880638+0300 - INFO - Successfully accessed /service_in_hand/3 
Log: [ee6ba210-87bd-4272-8669-e2f595a0f404: 2023-05-30T20:20:01.439144+0300 - INFO - Request to access /service_in_hand/1 
Log: [ee6ba210-87bd-4272-8669-e2f595a0f404: 2023-05-30T20:20:01.439144+0300 - INFO - Request to access /service_in_hand/1 
Log: [ee6ba210-87bd-4272-8669-e2f595a0f404: 2023-05-30T20:20:01.451121+0300 - INFO - Successfully accessed /service_in_hand/1 
Log: [ee6ba210-87bd-4272-8669-e2f595a0f404: 2023-05-30T20:20:01.451121+0300 - INFO - Successfully accessed /service_in_hand/1 
Log: [0788d0b3-d201-4fe3-acff-25e3db42d2b7: 2023-05-30T20:20:01.966746+0300 - INFO - Request to access /service_in_hand/2 
Log: [0788d0b3-d201-4fe3-acff-25e3db42d2b7: 2023-05-30T20:20:01.966746+0300 - INFO - Request to access /service_in_hand/2 
Log: [0788d0b3-d201-4fe3-acff-25e3db42d2b7: 2023-05-30T20:20:01.981695+0300 - INFO - Successfully accessed /service_in_hand/2 
Log: [0788d0b3-d201-4fe3-acff-25e3db42d2b7: 2023-05-30T20:20:01.981695+0300 - INFO - Successfully accessed /service_in_hand/2 
Log: [592cba05-59dc-4a34-97cf-d32bd7c3468a: 2023-05-30T20:20:02.650904+0300 - INFO - Request to access /service_in_hand/4 
Log: [592cba05-59dc-4a34-97cf-d32bd7c3468a: 2023-05-30T20:20:02.650904+0300 - INFO - Request to access /service_in_hand/4 
Log: [592cba05-59dc-4a34-97cf-d32bd7c3468a: 2023-05-30T20:20:02.658882+0300 - INFO - Successfully accessed /service_in_hand/4 
Log: [592cba05-59dc-4a34-97cf-d32bd7c3468a: 2023-05-30T20:20:02.658882+0300 - INFO - Successfully accessed /service_in_hand/4 
Log: [31b23c65-eeae-4deb-bfe6-67c73d3eec65: 2023-05-30T20:20:02.757620+0300 - INFO - Request to access /service_in_hand/3 
Log: [31b23c65-eeae-4deb-bfe6-67c73d3eec65: 2023-05-30T20:20:02.757620+0300 - INFO - Request to access /service_in_hand/3 
Log: [31b23c65-eeae-4deb-bfe6-67c73d3eec65: 2023-05-30T20:20:02.777565+0300 - INFO - Successfully accessed /service_in_hand/3 
Log: [31b23c65-eeae-4deb-bfe6-67c73d3eec65: 2023-05-30T20:20:02.777565+0300 - INFO - Successfully accessed /service_in_hand/3 
Log: [2a7b6655-6700-4c9e-8b1a-1ae26040f135: 2023-05-30T20:20:54.067573+0300 - INFO - Request to access /service_in_hand/3 
Log: [2a7b6655-6700-4c9e-8b1a-1ae26040f135: 2023-05-30T20:20:54.067573+0300 - INFO - Request to access /service_in_hand/3 
Log: [2a7b6655-6700-4c9e-8b1a-1ae26040f135: 2023-05-30T20:20:54.084530+0300 - INFO - Successfully accessed /service_in_hand/3 
Log: [2a7b6655-6700-4c9e-8b1a-1ae26040f135: 2023-05-30T20:20:54.084530+0300 - INFO - Successfully accessed /service_in_hand/3 
Log: [2766382e-253e-4180-ba26-6a17898a5acb: 2023-05-30T20:20:54.658003+0300 - INFO - Request to access /service_in_hand/1 
Log: [2766382e-253e-4180-ba26-6a17898a5acb: 2023-05-30T20:20:54.658003+0300 - INFO - Request to access /service_in_hand/1 
Log: [2766382e-253e-4180-ba26-6a17898a5acb: 2023-05-30T20:20:54.704870+0300 - INFO - Successfully accessed /service_in_hand/1 
Log: [2766382e-253e-4180-ba26-6a17898a5acb: 2023-05-30T20:20:54.704870+0300 - INFO - Successfully accessed /service_in_hand/1 
Log: [420faf8a-65a7-430b-9040-5eb5b8e1437f: 2023-05-30T20:20:55.382059+0300 - INFO - Request to access /service_in_hand/2 
Log: [420faf8a-65a7-430b-9040-5eb5b8e1437f: 2023-05-30T20:20:55.382059+0300 - INFO - Request to access /service_in_hand/2 
Log: [420faf8a-65a7-430b-9040-5eb5b8e1437f: 2023-05-30T20:20:55.393029+0300 - INFO - Successfully accessed /service_in_hand/2 
Log: [420faf8a-65a7-430b-9040-5eb5b8e1437f: 2023-05-30T20:20:55.393029+0300 - INFO - Successfully accessed /service_in_hand/2 
Log: [2e8200ac-a7de-47ab-810e-f0f44fb4c44b: 2023-05-30T20:20:55.985445+0300 - INFO - Request to access /service_in_hand/4 
Log: [2e8200ac-a7de-47ab-810e-f0f44fb4c44b: 2023-05-30T20:20:55.985445+0300 - INFO - Request to access /service_in_hand/4 
Log: [2e8200ac-a7de-47ab-810e-f0f44fb4c44b: 2023-05-30T20:20:55.997413+0300 - INFO - Successfully accessed /service_in_hand/4 
Log: [2e8200ac-a7de-47ab-810e-f0f44fb4c44b: 2023-05-30T20:20:55.997413+0300 - INFO - Successfully accessed /service_in_hand/4 
Log: [b846f864-e984-4ec9-b876-b178a22702cc: 2023-05-30T20:20:56.056258+0300 - INFO - Request to access /service_in_hand/3 
Log: [b846f864-e984-4ec9-b876-b178a22702cc: 2023-05-30T20:20:56.056258+0300 - INFO - Request to access /service_in_hand/3 
Log: [b846f864-e984-4ec9-b876-b178a22702cc: 2023-05-30T20:20:56.079194+0300 - INFO - Successfully accessed /service_in_hand/3 
Log: [b846f864-e984-4ec9-b876-b178a22702cc: 2023-05-30T20:20:56.079194+0300 - INFO - Successfully accessed /service_in_hand/3 
Log: [b0a6d22f-0118-45d1-ba99-e7f4bbd25738: 2023-05-30T20:21:04.974875+0300 - INFO - Request to access /service_in_hand/3 
Log: [b0a6d22f-0118-45d1-ba99-e7f4bbd25738: 2023-05-30T20:21:04.974875+0300 - INFO - Request to access /service_in_hand/3 
Log: [a8669035-79ff-45c2-8f09-5faa60059808: 2023-05-30T20:21:04.981857+0300 - INFO - Request to access /service_in_hand/1 
Log: [a8669035-79ff-45c2-8f09-5faa60059808: 2023-05-30T20:21:04.981857+0300 - INFO - Request to access /service_in_hand/1 
Log: [649658ce-875a-4818-8a5a-eac2b6fd27d5: 2023-05-30T20:21:04.987845+0300 - INFO - Request to access /service_in_hand/2 
Log: [649658ce-875a-4818-8a5a-eac2b6fd27d5: 2023-05-30T20:21:04.987845+0300 - INFO - Request to access /service_in_hand/2 
Log: [3fa7fb27-91cc-44ff-9baf-5305d78bf55f: 2023-05-30T20:21:05.020754+0300 - INFO - Request to access /service_in_hand/4 
Log: [3fa7fb27-91cc-44ff-9baf-5305d78bf55f: 2023-05-30T20:21:05.020754+0300 - INFO - Request to access /service_in_hand/4 
Log: [b0a6d22f-0118-45d1-ba99-e7f4bbd25738: 2023-05-30T20:21:05.038705+0300 - INFO - Successfully accessed /service_in_hand/3 
Log: [b0a6d22f-0118-45d1-ba99-e7f4bbd25738: 2023-05-30T20:21:05.038705+0300 - INFO - Successfully accessed /service_in_hand/3 
Log: [649658ce-875a-4818-8a5a-eac2b6fd27d5: 2023-05-30T20:21:05.052667+0300 - INFO - Successfully accessed /service_in_hand/2 
Log: [649658ce-875a-4818-8a5a-eac2b6fd27d5: 2023-05-30T20:21:05.052667+0300 - INFO - Successfully accessed /service_in_hand/2 
Log: [a8669035-79ff-45c2-8f09-5faa60059808: 2023-05-30T20:21:05.069626+0300 - INFO - Successfully accessed /service_in_hand/1 
Log: [a8669035-79ff-45c2-8f09-5faa60059808: 2023-05-30T20:21:05.069626+0300 - INFO - Successfully accessed /service_in_hand/1 
Log: [3fa7fb27-91cc-44ff-9baf-5305d78bf55f: 2023-05-30T20:21:05.079596+0300 - INFO - Successfully accessed /service_in_hand/4 
Log: [3fa7fb27-91cc-44ff-9baf-5305d78bf55f: 2023-05-30T20:21:05.079596+0300 - INFO - Successfully accessed /service_in_hand/4 
Log: [c238c954-1485-4e76-8739-fdf0d8a779a0: 2023-05-30T20:21:25.673622+0300 - INFO - Request to access /service_in_hand/3 
Log: [c238c954-1485-4e76-8739-fdf0d8a779a0: 2023-05-30T20:21:25.673622+0300 - INFO - Request to access /service_in_hand/3 
Log: [29ac603b-c4ed-4192-ad53-9b5c211de41d: 2023-05-30T20:21:25.677619+0300 - INFO - Request to access /service_in_hand/1 
Log: [29ac603b-c4ed-4192-ad53-9b5c211de41d: 2023-05-30T20:21:25.677619+0300 - INFO - Request to access /service_in_hand/1 
Log: [c238c954-1485-4e76-8739-fdf0d8a779a0: 2023-05-30T20:21:25.682600+0300 - INFO - Successfully accessed /service_in_hand/3 
Log: [c238c954-1485-4e76-8739-fdf0d8a779a0: 2023-05-30T20:21:25.682600+0300 - INFO - Successfully accessed /service_in_hand/3 
Log: [16934f55-e1db-4649-8fe7-904a64712f1d: 2023-05-30T20:21:25.689580+0300 - INFO - Request to access /service_in_hand/2 
Log: [16934f55-e1db-4649-8fe7-904a64712f1d: 2023-05-30T20:21:25.689580+0300 - INFO - Request to access /service_in_hand/2 
Log: [29ac603b-c4ed-4192-ad53-9b5c211de41d: 2023-05-30T20:21:25.694568+0300 - INFO - Successfully accessed /service_in_hand/1 
Log: [29ac603b-c4ed-4192-ad53-9b5c211de41d: 2023-05-30T20:21:25.694568+0300 - INFO - Successfully accessed /service_in_hand/1 
Log: [16934f55-e1db-4649-8fe7-904a64712f1d: 2023-05-30T20:21:25.704542+0300 - INFO - Successfully accessed /service_in_hand/2 
Log: [16934f55-e1db-4649-8fe7-904a64712f1d: 2023-05-30T20:21:25.704542+0300 - INFO - Successfully accessed /service_in_hand/2 
Log: [9758dd41-0bd4-4fa4-9460-f9de8c390813: 2023-05-30T20:22:32.010385+0300 - INFO - Request to access /service_in_hand/1 
Log: [9758dd41-0bd4-4fa4-9460-f9de8c390813: 2023-05-30T20:22:32.010385+0300 - INFO - Request to access /service_in_hand/1 
Log: [3083affb-f5ac-467a-92ae-40147f7c675c: 2023-05-30T20:22:32.023340+0300 - INFO - Request to access /service_in_hand/3 
Log: [3083affb-f5ac-467a-92ae-40147f7c675c: 2023-05-30T20:22:32.023340+0300 - INFO - Request to access /service_in_hand/3 
Log: [14dc94b0-f91e-46bb-a52b-995ef9056f4c: 2023-05-30T20:22:32.028331+0300 - INFO - Request to access /service_in_hand/2 
Log: [14dc94b0-f91e-46bb-a52b-995ef9056f4c: 2023-05-30T20:22:32.028331+0300 - INFO - Request to access /service_in_hand/2 
Log: [9758dd41-0bd4-4fa4-9460-f9de8c390813: 2023-05-30T20:22:32.139032+0300 - INFO - Successfully accessed /service_in_hand/1 
Log: [9758dd41-0bd4-4fa4-9460-f9de8c390813: 2023-05-30T20:22:32.139032+0300 - INFO - Successfully accessed /service_in_hand/1 
Log: [3083affb-f5ac-467a-92ae-40147f7c675c: 2023-05-30T20:22:32.276664+0300 - INFO - Successfully accessed /service_in_hand/3 
Log: [3083affb-f5ac-467a-92ae-40147f7c675c: 2023-05-30T20:22:32.276664+0300 - INFO - Successfully accessed /service_in_hand/3 
Log: [14dc94b0-f91e-46bb-a52b-995ef9056f4c: 2023-05-30T20:22:32.283648+0300 - INFO - Successfully accessed /service_in_hand/2 
Log: [14dc94b0-f91e-46bb-a52b-995ef9056f4c: 2023-05-30T20:22:32.283648+0300 - INFO - Successfully accessed /service_in_hand/2 
Log: [b08b73d1-e2c6-4033-9065-a314e79474eb: 2023-05-30T20:22:35.903993+0300 - INFO - Request to access /service_in_hand/3 
Log: [b08b73d1-e2c6-4033-9065-a314e79474eb: 2023-05-30T20:22:35.903993+0300 - INFO - Request to access /service_in_hand/3 
Log: [b08b73d1-e2c6-4033-9065-a314e79474eb: 2023-05-30T20:22:35.912969+0300 - INFO - Successfully accessed /service_in_hand/3 
Log: [b08b73d1-e2c6-4033-9065-a314e79474eb: 2023-05-30T20:22:35.912969+0300 - INFO - Successfully accessed /service_in_hand/3 
Log: [9ed7e9d9-8e5f-4f8c-a1c9-ec903a25f0cf: 2023-05-30T20:22:36.132382+0300 - INFO - Request to access /service_in_hand/1 
Log: [9ed7e9d9-8e5f-4f8c-a1c9-ec903a25f0cf: 2023-05-30T20:22:36.132382+0300 - INFO - Request to access /service_in_hand/1 
Log: [9ed7e9d9-8e5f-4f8c-a1c9-ec903a25f0cf: 2023-05-30T20:22:36.147342+0300 - INFO - Successfully accessed /service_in_hand/1 
Log: [9ed7e9d9-8e5f-4f8c-a1c9-ec903a25f0cf: 2023-05-30T20:22:36.147342+0300 - INFO - Successfully accessed /service_in_hand/1 
Log: [0b1247fb-bdb3-4267-b577-659dab9210d3: 2023-05-30T20:22:36.359775+0300 - INFO - Request to access /service_in_hand/2 
Log: [0b1247fb-bdb3-4267-b577-659dab9210d3: 2023-05-30T20:22:36.359775+0300 - INFO - Request to access /service_in_hand/2 
Log: [0b1247fb-bdb3-4267-b577-659dab9210d3: 2023-05-30T20:22:36.376741+0300 - INFO - Successfully accessed /service_in_hand/2 
Log: [0b1247fb-bdb3-4267-b577-659dab9210d3: 2023-05-30T20:22:36.376741+0300 - INFO - Successfully accessed /service_in_hand/2 
Log: [bbdcf904-56f3-474e-a377-8b73014735d1: 2023-05-30T20:24:56.661660+0300 - INFO - Request to access /service_in_hand/4 
Log: [bbdcf904-56f3-474e-a377-8b73014735d1: 2023-05-30T20:24:56.661660+0300 - INFO - Request to access /service_in_hand/4 
Log: [bbdcf904-56f3-474e-a377-8b73014735d1: 2023-05-30T20:24:56.677618+0300 - INFO - Successfully accessed /service_in_hand/4 
Log: [bbdcf904-56f3-474e-a377-8b73014735d1: 2023-05-30T20:24:56.677618+0300 - INFO - Successfully accessed /service_in_hand/4 
Log: [ca818032-90dd-4a4b-9249-7cf36b08da74: 2023-05-30T20:24:56.775356+0300 - INFO - Request to access /service_in_hand/3 
Log: [ca818032-90dd-4a4b-9249-7cf36b08da74: 2023-05-30T20:24:56.775356+0300 - INFO - Request to access /service_in_hand/3 
Log: [ca818032-90dd-4a4b-9249-7cf36b08da74: 2023-05-30T20:24:56.781361+0300 - INFO - Successfully accessed /service_in_hand/3 
Log: [ca818032-90dd-4a4b-9249-7cf36b08da74: 2023-05-30T20:24:56.781361+0300 - INFO - Successfully accessed /service_in_hand/3 
Log: [374bb8fe-fdf9-42c9-baeb-4d13e4c7c5dd: 2023-05-30T20:24:56.791313+0300 - INFO - Request to access /service_in_hand/1 
Log: [374bb8fe-fdf9-42c9-baeb-4d13e4c7c5dd: 2023-05-30T20:24:56.791313+0300 - INFO - Request to access /service_in_hand/1 
Log: [374bb8fe-fdf9-42c9-baeb-4d13e4c7c5dd: 2023-05-30T20:24:56.798307+0300 - INFO - Successfully accessed /service_in_hand/1 
Log: [374bb8fe-fdf9-42c9-baeb-4d13e4c7c5dd: 2023-05-30T20:24:56.798307+0300 - INFO - Successfully accessed /service_in_hand/1 
Log: [195bc8d6-396e-4c9e-b514-273dd35dbe92: 2023-05-30T20:24:56.811260+0300 - INFO - Request to access /service_in_hand/2 
Log: [195bc8d6-396e-4c9e-b514-273dd35dbe92: 2023-05-30T20:24:56.811260+0300 - INFO - Request to access /service_in_hand/2 
Log: [195bc8d6-396e-4c9e-b514-273dd35dbe92: 2023-05-30T20:24:56.821233+0300 - INFO - Successfully accessed /service_in_hand/2 
Log: [195bc8d6-396e-4c9e-b514-273dd35dbe92: 2023-05-30T20:24:56.821233+0300 - INFO - Successfully accessed /service_in_hand/2 
Log: [72b706ce-0d05-44ad-88cc-f5cb14d3290f: 2023-05-30T20:25:13.930417+0300 - INFO - Request to access /service_in_hand/3 
Log: [72b706ce-0d05-44ad-88cc-f5cb14d3290f: 2023-05-30T20:25:13.930417+0300 - INFO - Request to access /service_in_hand/3 
Log: [e40d7f54-53b0-43c0-bae7-d0faea67cfe7: 2023-05-30T20:25:13.934408+0300 - INFO - Request to access /service_in_hand/1 
Log: [e40d7f54-53b0-43c0-bae7-d0faea67cfe7: 2023-05-30T20:25:13.934408+0300 - INFO - Request to access /service_in_hand/1 
Log: [b7535ff5-797a-4859-89df-47e9ae73fb7e: 2023-05-30T20:25:13.985275+0300 - INFO - Request to access /service_in_hand/2 
Log: [b7535ff5-797a-4859-89df-47e9ae73fb7e: 2023-05-30T20:25:13.985275+0300 - INFO - Request to access /service_in_hand/2 
Log: [d952fa52-cf0c-4a6b-bdb7-5dcbd75edf59: 2023-05-30T20:25:14.387200+0300 - INFO - Request to access /service_in_hand/4 
Log: [d952fa52-cf0c-4a6b-bdb7-5dcbd75edf59: 2023-05-30T20:25:14.387200+0300 - INFO - Request to access /service_in_hand/4 
Log: [72b706ce-0d05-44ad-88cc-f5cb14d3290f: 2023-05-30T20:25:14.451025+0300 - INFO - Successfully accessed /service_in_hand/3 
Log: [72b706ce-0d05-44ad-88cc-f5cb14d3290f: 2023-05-30T20:25:14.451025+0300 - INFO - Successfully accessed /service_in_hand/3 
Log: [e40d7f54-53b0-43c0-bae7-d0faea67cfe7: 2023-05-30T20:25:14.486930+0300 - INFO - Successfully accessed /service_in_hand/1 
Log: [e40d7f54-53b0-43c0-bae7-d0faea67cfe7: 2023-05-30T20:25:14.486930+0300 - INFO - Successfully accessed /service_in_hand/1 
Log: [b7535ff5-797a-4859-89df-47e9ae73fb7e: 2023-05-30T20:25:14.530813+0300 - INFO - Successfully accessed /service_in_hand/2 
Log: [b7535ff5-797a-4859-89df-47e9ae73fb7e: 2023-05-30T20:25:14.530813+0300 - INFO - Successfully accessed /service_in_hand/2 
Log: [d952fa52-cf0c-4a6b-bdb7-5dcbd75edf59: 2023-05-30T20:25:14.574695+0300 - INFO - Successfully accessed /service_in_hand/4 
Log: [d952fa52-cf0c-4a6b-bdb7-5dcbd75edf59: 2023-05-30T20:25:14.574695+0300 - INFO - Successfully accessed /service_in_hand/4 
Log: [ba375c3a-69dd-47e9-a8ae-48248bf43c90: 2023-05-30T20:25:18.554053+0300 - INFO - Request to access /service_in_hand/3 
Log: [ba375c3a-69dd-47e9-a8ae-48248bf43c90: 2023-05-30T20:25:18.554053+0300 - INFO - Request to access /service_in_hand/3 
Log: [b359588c-4b50-46e2-866f-ea0fa0a35bd0: 2023-05-30T20:25:18.560037+0300 - INFO - Request to access /service_in_hand/2 
Log: [b359588c-4b50-46e2-866f-ea0fa0a35bd0: 2023-05-30T20:25:18.560037+0300 - INFO - Request to access /service_in_hand/2 
Log: [f0c7a00a-11e8-4ee2-bc47-099a16c01b0e: 2023-05-30T20:25:18.562031+0300 - INFO - Request to access /service_in_hand/1 
Log: [f0c7a00a-11e8-4ee2-bc47-099a16c01b0e: 2023-05-30T20:25:18.562031+0300 - INFO - Request to access /service_in_hand/1 
Log: [9c028265-91f5-47f8-b258-aaff9b8e71ff: 2023-05-30T20:25:18.567019+0300 - INFO - Request to access /service_in_hand/4 
Log: [9c028265-91f5-47f8-b258-aaff9b8e71ff: 2023-05-30T20:25:18.567019+0300 - INFO - Request to access /service_in_hand/4 
Log: [ba375c3a-69dd-47e9-a8ae-48248bf43c90: 2023-05-30T20:25:18.576992+0300 - INFO - Successfully accessed /service_in_hand/3 
Log: [ba375c3a-69dd-47e9-a8ae-48248bf43c90: 2023-05-30T20:25:18.576992+0300 - INFO - Successfully accessed /service_in_hand/3 
Log: [b359588c-4b50-46e2-866f-ea0fa0a35bd0: 2023-05-30T20:25:18.630849+0300 - INFO - Successfully accessed /service_in_hand/2 
Log: [b359588c-4b50-46e2-866f-ea0fa0a35bd0: 2023-05-30T20:25:18.630849+0300 - INFO - Successfully accessed /service_in_hand/2 
Log: [f0c7a00a-11e8-4ee2-bc47-099a16c01b0e: 2023-05-30T20:25:18.765488+0300 - INFO - Successfully accessed /service_in_hand/1 
Log: [f0c7a00a-11e8-4ee2-bc47-099a16c01b0e: 2023-05-30T20:25:18.765488+0300 - INFO - Successfully accessed /service_in_hand/1 
Log: [9c028265-91f5-47f8-b258-aaff9b8e71ff: 2023-05-30T20:25:18.771472+0300 - INFO - Successfully accessed /service_in_hand/4 
Log: [9c028265-91f5-47f8-b258-aaff9b8e71ff: 2023-05-30T20:25:18.771472+0300 - INFO - Successfully accessed /service_in_hand/4 
Log: [66bd79bf-eae6-4947-8124-d9707b06a901: 2023-05-30T20:25:20.019135+0300 - INFO - Request to access /service_in_hand/3 
Log: [66bd79bf-eae6-4947-8124-d9707b06a901: 2023-05-30T20:25:20.019135+0300 - INFO - Request to access /service_in_hand/3 
Log: [66bd79bf-eae6-4947-8124-d9707b06a901: 2023-05-30T20:25:20.026117+0300 - INFO - Successfully accessed /service_in_hand/3 
Log: [66bd79bf-eae6-4947-8124-d9707b06a901: 2023-05-30T20:25:20.026117+0300 - INFO - Successfully accessed /service_in_hand/3 
Log: [f39c6f49-40ad-436d-8866-7752ea661273: 2023-05-30T20:25:20.587616+0300 - INFO - Request to access /service_in_hand/1 
Log: [f39c6f49-40ad-436d-8866-7752ea661273: 2023-05-30T20:25:20.587616+0300 - INFO - Request to access /service_in_hand/1 
Log: [f39c6f49-40ad-436d-8866-7752ea661273: 2023-05-30T20:25:20.604570+0300 - INFO - Successfully accessed /service_in_hand/1 
Log: [f39c6f49-40ad-436d-8866-7752ea661273: 2023-05-30T20:25:20.604570+0300 - INFO - Successfully accessed /service_in_hand/1 
Log: [d9125608-621f-4d30-88cd-5b653e2c280c: 2023-05-30T20:25:21.119194+0300 - INFO - Request to access /service_in_hand/2 
Log: [d9125608-621f-4d30-88cd-5b653e2c280c: 2023-05-30T20:25:21.119194+0300 - INFO - Request to access /service_in_hand/2 
Log: [d9125608-621f-4d30-88cd-5b653e2c280c: 2023-05-30T20:25:21.134154+0300 - INFO - Successfully accessed /service_in_hand/2 
Log: [d9125608-621f-4d30-88cd-5b653e2c280c: 2023-05-30T20:25:21.134154+0300 - INFO - Successfully accessed /service_in_hand/2 
Log: [d5900424-95f5-40c1-af17-a028460e4504: 2023-05-30T20:25:21.666730+0300 - INFO - Request to access /service_in_hand/4 
Log: [d5900424-95f5-40c1-af17-a028460e4504: 2023-05-30T20:25:21.666730+0300 - INFO - Request to access /service_in_hand/4 
Log: [d5900424-95f5-40c1-af17-a028460e4504: 2023-05-30T20:25:21.675707+0300 - INFO - Successfully accessed /service_in_hand/4 
Log: [d5900424-95f5-40c1-af17-a028460e4504: 2023-05-30T20:25:21.675707+0300 - INFO - Successfully accessed /service_in_hand/4 
Log: [4b841fd8-5fa1-41cf-a5c4-623993d30054: 2023-05-30T20:25:21.711611+0300 - INFO - Request to access /service_in_hand/3 
Log: [4b841fd8-5fa1-41cf-a5c4-623993d30054: 2023-05-30T20:25:21.711611+0300 - INFO - Request to access /service_in_hand/3 
Log: [4b841fd8-5fa1-41cf-a5c4-623993d30054: 2023-05-30T20:25:21.722580+0300 - INFO - Successfully accessed /service_in_hand/3 
Log: [4b841fd8-5fa1-41cf-a5c4-623993d30054: 2023-05-30T20:25:21.722580+0300 - INFO - Successfully accessed /service_in_hand/3 
Log: [8400e08c-73c8-4ab9-bbcb-63da34432f0e: 2023-05-30T20:25:26.589788+0300 - INFO - Request to access /service_in_hand/3 
Log: [8400e08c-73c8-4ab9-bbcb-63da34432f0e: 2023-05-30T20:25:26.589788+0300 - INFO - Request to access /service_in_hand/3 
Log: [8400e08c-73c8-4ab9-bbcb-63da34432f0e: 2023-05-30T20:25:26.597769+0300 - INFO - Successfully accessed /service_in_hand/3 
Log: [8400e08c-73c8-4ab9-bbcb-63da34432f0e: 2023-05-30T20:25:26.597769+0300 - INFO - Successfully accessed /service_in_hand/3 
Log: [c6cb59c4-8aaf-44e7-85c1-7f03383d7fbb: 2023-05-30T20:25:26.606746+0300 - INFO - Request to access /service_in_hand/1 
Log: [c6cb59c4-8aaf-44e7-85c1-7f03383d7fbb: 2023-05-30T20:25:26.606746+0300 - INFO - Request to access /service_in_hand/1 
Log: [08b291fd-fdd7-4bcf-869c-f58a5115efa2: 2023-05-30T20:25:26.616729+0300 - INFO - Request to access /service_in_hand/4 
Log: [08b291fd-fdd7-4bcf-869c-f58a5115efa2: 2023-05-30T20:25:26.616729+0300 - INFO - Request to access /service_in_hand/4 
Log: [330b9274-14fe-4ce6-974c-3899982ef5f9: 2023-05-30T20:25:26.625696+0300 - INFO - Request to access /service_in_hand/2 
Log: [330b9274-14fe-4ce6-974c-3899982ef5f9: 2023-05-30T20:25:26.625696+0300 - INFO - Request to access /service_in_hand/2 
Log: [330b9274-14fe-4ce6-974c-3899982ef5f9: 2023-05-30T20:25:26.638679+0300 - INFO - Successfully accessed /service_in_hand/2 
Log: [330b9274-14fe-4ce6-974c-3899982ef5f9: 2023-05-30T20:25:26.638679+0300 - INFO - Successfully accessed /service_in_hand/2 
Log: [08b291fd-fdd7-4bcf-869c-f58a5115efa2: 2023-05-30T20:25:26.705490+0300 - INFO - Successfully accessed /service_in_hand/4 
Log: [08b291fd-fdd7-4bcf-869c-f58a5115efa2: 2023-05-30T20:25:26.705490+0300 - INFO - Successfully accessed /service_in_hand/4 
Log: [c6cb59c4-8aaf-44e7-85c1-7f03383d7fbb: 2023-05-30T20:25:26.718446+0300 - INFO - Successfully accessed /service_in_hand/1 
Log: [c6cb59c4-8aaf-44e7-85c1-7f03383d7fbb: 2023-05-30T20:25:26.718446+0300 - INFO - Successfully accessed /service_in_hand/1 
Log: [c471de9c-3349-489c-9c11-0d37e2ea6aab: 2023-05-30T20:27:32.273910+0300 - INFO - Request to access /service_in_hand/3 
Log: [c471de9c-3349-489c-9c11-0d37e2ea6aab: 2023-05-30T20:27:32.273910+0300 - INFO - Request to access /service_in_hand/3 
Log: [543eb466-d68f-4f83-96d6-a4cf92c5d5df: 2023-05-30T20:27:32.285629+0300 - INFO - Request to access /service_in_hand/4 
Log: [543eb466-d68f-4f83-96d6-a4cf92c5d5df: 2023-05-30T20:27:32.285629+0300 - INFO - Request to access /service_in_hand/4 
Log: [5ee701f6-e902-4056-b801-e253833e137b: 2023-05-30T20:27:32.288623+0300 - INFO - Request to access /service_in_hand/2 
Log: [5ee701f6-e902-4056-b801-e253833e137b: 2023-05-30T20:27:32.288623+0300 - INFO - Request to access /service_in_hand/2 
Log: [2f37c59c-ab97-41aa-96a9-bc41ba4d9078: 2023-05-30T20:27:32.292610+0300 - INFO - Request to access /service_in_hand/1 
Log: [2f37c59c-ab97-41aa-96a9-bc41ba4d9078: 2023-05-30T20:27:32.292610+0300 - INFO - Request to access /service_in_hand/1 
Log: [c471de9c-3349-489c-9c11-0d37e2ea6aab: 2023-05-30T20:27:32.315550+0300 - INFO - Successfully accessed /service_in_hand/3 
Log: [c471de9c-3349-489c-9c11-0d37e2ea6aab: 2023-05-30T20:27:32.315550+0300 - INFO - Successfully accessed /service_in_hand/3 
Log: [543eb466-d68f-4f83-96d6-a4cf92c5d5df: 2023-05-30T20:27:32.318542+0300 - INFO - Successfully accessed /service_in_hand/4 
Log: [543eb466-d68f-4f83-96d6-a4cf92c5d5df: 2023-05-30T20:27:32.318542+0300 - INFO - Successfully accessed /service_in_hand/4 
Log: [5ee701f6-e902-4056-b801-e253833e137b: 2023-05-30T20:27:32.325530+0300 - INFO - Successfully accessed /service_in_hand/2 
Log: [5ee701f6-e902-4056-b801-e253833e137b: 2023-05-30T20:27:32.325530+0300 - INFO - Successfully accessed /service_in_hand/2 
Log: [2f37c59c-ab97-41aa-96a9-bc41ba4d9078: 2023-05-30T20:27:32.335496+0300 - INFO - Successfully accessed /service_in_hand/1 
Log: [2f37c59c-ab97-41aa-96a9-bc41ba4d9078: 2023-05-30T20:27:32.335496+0300 - INFO - Successfully accessed /service_in_hand/1 
Log: [953cce60-b9d9-49a3-837e-3711c9b81778: 2023-05-30T20:27:41.679092+0300 - INFO - Request to access /service_in_hand/3 
Log: [953cce60-b9d9-49a3-837e-3711c9b81778: 2023-05-30T20:27:41.679092+0300 - INFO - Request to access /service_in_hand/3 
Log: [953cce60-b9d9-49a3-837e-3711c9b81778: 2023-05-30T20:27:41.683081+0300 - INFO - Successfully accessed /service_in_hand/3 
Log: [953cce60-b9d9-49a3-837e-3711c9b81778: 2023-05-30T20:27:41.683081+0300 - INFO - Successfully accessed /service_in_hand/3 
Log: [9b97b265-5e30-4d73-9605-bf777dfc965b: 2023-05-30T20:27:41.688068+0300 - INFO - Request to access /service_in_hand/1 
Log: [9b97b265-5e30-4d73-9605-bf777dfc965b: 2023-05-30T20:27:41.688068+0300 - INFO - Request to access /service_in_hand/1 
Log: [e3445eb7-8363-4b40-9450-5afe73a69754: 2023-05-30T20:27:41.693056+0300 - INFO - Request to access /service_in_hand/4 
Log: [e3445eb7-8363-4b40-9450-5afe73a69754: 2023-05-30T20:27:41.693056+0300 - INFO - Request to access /service_in_hand/4 
Log: [0b3fa8d0-190e-4372-98ca-84f8653f86c3: 2023-05-30T20:27:41.696047+0300 - INFO - Request to access /service_in_hand/2 
Log: [0b3fa8d0-190e-4372-98ca-84f8653f86c3: 2023-05-30T20:27:41.696047+0300 - INFO - Request to access /service_in_hand/2 
Log: [e3445eb7-8363-4b40-9450-5afe73a69754: 2023-05-30T20:27:41.702032+0300 - INFO - Successfully accessed /service_in_hand/4 
Log: [e3445eb7-8363-4b40-9450-5afe73a69754: 2023-05-30T20:27:41.702032+0300 - INFO - Successfully accessed /service_in_hand/4 
Log: [0b3fa8d0-190e-4372-98ca-84f8653f86c3: 2023-05-30T20:27:41.706020+0300 - INFO - Successfully accessed /service_in_hand/2 
Log: [0b3fa8d0-190e-4372-98ca-84f8653f86c3: 2023-05-30T20:27:41.706020+0300 - INFO - Successfully accessed /service_in_hand/2 
Log: [9b97b265-5e30-4d73-9605-bf777dfc965b: 2023-05-30T20:27:41.710011+0300 - INFO - Successfully accessed /service_in_hand/1 
Log: [9b97b265-5e30-4d73-9605-bf777dfc965b: 2023-05-30T20:27:41.710011+0300 - INFO - Successfully accessed /service_in_hand/1 
Log: [8a079c30-f474-4c6a-8ef6-c39a89d76065: 2023-05-30T20:31:53.606524+0300 - INFO - Request to access /service_in_hand/3 
Log: [8a079c30-f474-4c6a-8ef6-c39a89d76065: 2023-05-30T20:31:53.606524+0300 - INFO - Request to access /service_in_hand/3 
Log: [8a079c30-f474-4c6a-8ef6-c39a89d76065: 2023-05-30T20:31:53.610513+0300 - INFO - Successfully accessed /service_in_hand/3 
Log: [8a079c30-f474-4c6a-8ef6-c39a89d76065: 2023-05-30T20:31:53.610513+0300 - INFO - Successfully accessed /service_in_hand/3 
Log: [207c0dcf-2e9f-4cf8-80ff-7bd2e802c734: 2023-05-30T20:31:53.619491+0300 - INFO - Request to access /service_in_hand/1 
Log: [207c0dcf-2e9f-4cf8-80ff-7bd2e802c734: 2023-05-30T20:31:53.619491+0300 - INFO - Request to access /service_in_hand/1 
Log: [4d284cae-9dd5-4933-9173-7d05550fc513: 2023-05-30T20:31:53.627468+0300 - INFO - Request to access /service_in_hand/4 
Log: [4d284cae-9dd5-4933-9173-7d05550fc513: 2023-05-30T20:31:53.627468+0300 - INFO - Request to access /service_in_hand/4 
Log: [9493c0ba-a093-441f-b9bf-1354b3f22fa8: 2023-05-30T20:31:53.630472+0300 - INFO - Request to access /service_in_hand/2 
Log: [9493c0ba-a093-441f-b9bf-1354b3f22fa8: 2023-05-30T20:31:53.630472+0300 - INFO - Request to access /service_in_hand/2 
Log: [4d284cae-9dd5-4933-9173-7d05550fc513: 2023-05-30T20:31:53.645431+0300 - ERROR - Request to /service_in_hand/4 failed: {ex} 
Log: [4d284cae-9dd5-4933-9173-7d05550fc513: 2023-05-30T20:31:53.645431+0300 - ERROR - Request to /service_in_hand/4 failed: {ex} 
Log: [4d284cae-9dd5-4933-9173-7d05550fc513: 2023-05-30T20:31:53.649411+0300 - INFO - Successfully accessed /service_in_hand/4 
Log: [4d284cae-9dd5-4933-9173-7d05550fc513: 2023-05-30T20:31:53.649411+0300 - INFO - Successfully accessed /service_in_hand/4 
Log: [207c0dcf-2e9f-4cf8-80ff-7bd2e802c734: 2023-05-30T20:31:53.705260+0300 - INFO - Successfully accessed /service_in_hand/1 
Log: [207c0dcf-2e9f-4cf8-80ff-7bd2e802c734: 2023-05-30T20:31:53.705260+0300 - INFO - Successfully accessed /service_in_hand/1 
Log: [9493c0ba-a093-441f-b9bf-1354b3f22fa8: 2023-05-30T20:31:53.735180+0300 - INFO - Successfully accessed /service_in_hand/2 
Log: [9493c0ba-a093-441f-b9bf-1354b3f22fa8: 2023-05-30T20:31:53.735180+0300 - INFO - Successfully accessed /service_in_hand/2 
Log: [f17f3c1e-5cae-447c-90da-a98d72098201: 2023-05-30T20:31:54.717554+0300 - INFO - Request to access /service_in_hand/4 
Log: [f17f3c1e-5cae-447c-90da-a98d72098201: 2023-05-30T20:31:54.717554+0300 - INFO - Request to access /service_in_hand/4 
Log: [f17f3c1e-5cae-447c-90da-a98d72098201: 2023-05-30T20:31:54.721543+0300 - ERROR - Request to /service_in_hand/4 failed: {ex} 
Log: [f17f3c1e-5cae-447c-90da-a98d72098201: 2023-05-30T20:31:54.721543+0300 - ERROR - Request to /service_in_hand/4 failed: {ex} 
Log: [f17f3c1e-5cae-447c-90da-a98d72098201: 2023-05-30T20:31:54.724535+0300 - INFO - Successfully accessed /service_in_hand/4 
Log: [f17f3c1e-5cae-447c-90da-a98d72098201: 2023-05-30T20:31:54.724535+0300 - INFO - Successfully accessed /service_in_hand/4 
Log: [a61dcb95-3051-44cf-a264-4f6616bb5a31: 2023-05-30T20:33:32.966565+0300 - INFO - Request to access /service_in_hand/4 
Log: [a61dcb95-3051-44cf-a264-4f6616bb5a31: 2023-05-30T20:33:32.966565+0300 - INFO - Request to access /service_in_hand/4 
Log: [a61dcb95-3051-44cf-a264-4f6616bb5a31: 2023-05-30T20:33:32.973548+0300 - INFO - Successfully accessed /service_in_hand/4 
Log: [a61dcb95-3051-44cf-a264-4f6616bb5a31: 2023-05-30T20:33:32.973548+0300 - INFO - Successfully accessed /service_in_hand/4 
Log: [5b1518a3-bb91-4e72-acb4-edf41cea7a25: 2023-05-30T20:34:31.440891+0300 - INFO - Request to access /service_in_hand/4 
Log: [5b1518a3-bb91-4e72-acb4-edf41cea7a25: 2023-05-30T20:34:31.440891+0300 - INFO - Request to access /service_in_hand/4 
Log: [5b1518a3-bb91-4e72-acb4-edf41cea7a25: 2023-05-30T20:34:31.446875+0300 - INFO - Successfully accessed /service_in_hand/4 
Log: [5b1518a3-bb91-4e72-acb4-edf41cea7a25: 2023-05-30T20:34:31.446875+0300 - INFO - Successfully accessed /service_in_hand/4 
Log: [19028f7a-4a2e-441d-882f-e17ac088e6e7: 2023-05-30T20:34:38.192835+0300 - INFO - Request to access /service_in_hand/4 
Log: [19028f7a-4a2e-441d-882f-e17ac088e6e7: 2023-05-30T20:34:38.192835+0300 - INFO - Request to access /service_in_hand/4 
Log: [eef7e341-28ae-433a-9458-89b18a1d091d: 2023-05-30T20:34:38.196823+0300 - INFO - Request to access /service_in_hand/3 
Log: [eef7e341-28ae-433a-9458-89b18a1d091d: 2023-05-30T20:34:38.196823+0300 - INFO - Request to access /service_in_hand/3 
Log: [3a735be3-9167-4059-87de-92cd0578046e: 2023-05-30T20:34:38.198818+0300 - INFO - Request to access /service_in_hand/1 
Log: [3a735be3-9167-4059-87de-92cd0578046e: 2023-05-30T20:34:38.198818+0300 - INFO - Request to access /service_in_hand/1 
Log: [66eadc28-119d-4440-9937-a3e1c3fde362: 2023-05-30T20:34:38.201813+0300 - INFO - Request to access /service_in_hand/2 
Log: [66eadc28-119d-4440-9937-a3e1c3fde362: 2023-05-30T20:34:38.201813+0300 - INFO - Request to access /service_in_hand/2 
Log: [19028f7a-4a2e-441d-882f-e17ac088e6e7: 2023-05-30T20:34:38.211784+0300 - INFO - Successfully accessed /service_in_hand/4 
Log: [19028f7a-4a2e-441d-882f-e17ac088e6e7: 2023-05-30T20:34:38.211784+0300 - INFO - Successfully accessed /service_in_hand/4 
Log: [eef7e341-28ae-433a-9458-89b18a1d091d: 2023-05-30T20:34:38.216770+0300 - INFO - Successfully accessed /service_in_hand/3 
Log: [eef7e341-28ae-433a-9458-89b18a1d091d: 2023-05-30T20:34:38.216770+0300 - INFO - Successfully accessed /service_in_hand/3 
Log: [3a735be3-9167-4059-87de-92cd0578046e: 2023-05-30T20:34:38.223770+0300 - INFO - Successfully accessed /service_in_hand/1 
Log: [3a735be3-9167-4059-87de-92cd0578046e: 2023-05-30T20:34:38.223770+0300 - INFO - Successfully accessed /service_in_hand/1 
Log: [66eadc28-119d-4440-9937-a3e1c3fde362: 2023-05-30T20:34:38.228741+0300 - INFO - Successfully accessed /service_in_hand/2 
Log: [66eadc28-119d-4440-9937-a3e1c3fde362: 2023-05-30T20:34:38.228741+0300 - INFO - Successfully accessed /service_in_hand/2 
Log: [1c17a9de-3c73-4ea4-ac8b-2b89df5aa697: 2023-05-30T20:34:40.743014+0300 - INFO - Request to access /service_in_hand/3 
Log: [1c17a9de-3c73-4ea4-ac8b-2b89df5aa697: 2023-05-30T20:34:40.743014+0300 - INFO - Request to access /service_in_hand/3 
Log: [5655973b-3b47-46f9-a598-31e96322dccb: 2023-05-30T20:34:40.749000+0300 - INFO - Request to access /service_in_hand/2 
Log: [5655973b-3b47-46f9-a598-31e96322dccb: 2023-05-30T20:34:40.749000+0300 - INFO - Request to access /service_in_hand/2 
Log: [2776f6a3-caa8-4693-a912-7ecc80acf3b0: 2023-05-30T20:34:40.753007+0300 - INFO - Request to access /service_in_hand/1 
Log: [2776f6a3-caa8-4693-a912-7ecc80acf3b0: 2023-05-30T20:34:40.753007+0300 - INFO - Request to access /service_in_hand/1 
Log: [e5593b59-0a14-4285-9072-9b691c45a935: 2023-05-30T20:34:40.758973+0300 - INFO - Request to access /service_in_hand/4 
Log: [e5593b59-0a14-4285-9072-9b691c45a935: 2023-05-30T20:34:40.758973+0300 - INFO - Request to access /service_in_hand/4 
Log: [1c17a9de-3c73-4ea4-ac8b-2b89df5aa697: 2023-05-30T20:34:40.767951+0300 - INFO - Successfully accessed /service_in_hand/3 
Log: [1c17a9de-3c73-4ea4-ac8b-2b89df5aa697: 2023-05-30T20:34:40.767951+0300 - INFO - Successfully accessed /service_in_hand/3 
Log: [2776f6a3-caa8-4693-a912-7ecc80acf3b0: 2023-05-30T20:34:40.818812+0300 - INFO - Successfully accessed /service_in_hand/1 
Log: [2776f6a3-caa8-4693-a912-7ecc80acf3b0: 2023-05-30T20:34:40.818812+0300 - INFO - Successfully accessed /service_in_hand/1 
Log: [e5593b59-0a14-4285-9072-9b691c45a935: 2023-05-30T20:34:40.826791+0300 - INFO - Successfully accessed /service_in_hand/4 
Log: [e5593b59-0a14-4285-9072-9b691c45a935: 2023-05-30T20:34:40.826791+0300 - INFO - Successfully accessed /service_in_hand/4 
Log: [5655973b-3b47-46f9-a598-31e96322dccb: 2023-05-30T20:34:40.836765+0300 - INFO - Successfully accessed /service_in_hand/2 
Log: [5655973b-3b47-46f9-a598-31e96322dccb: 2023-05-30T20:34:40.836765+0300 - INFO - Successfully accessed /service_in_hand/2 
Log: [bd9ddba7-8ac4-48f5-9d2d-6a46c1a219d9: 2023-05-30T20:34:42.151248+0300 - INFO - Request to access /service_in_hand/3 
Log: [bd9ddba7-8ac4-48f5-9d2d-6a46c1a219d9: 2023-05-30T20:34:42.151248+0300 - INFO - Request to access /service_in_hand/3 
Log: [bd9ddba7-8ac4-48f5-9d2d-6a46c1a219d9: 2023-05-30T20:34:42.160234+0300 - INFO - Successfully accessed /service_in_hand/3 
Log: [bd9ddba7-8ac4-48f5-9d2d-6a46c1a219d9: 2023-05-30T20:34:42.160234+0300 - INFO - Successfully accessed /service_in_hand/3 
Log: [743f4f45-12e6-46cb-8fc7-a6b4b643af4b: 2023-05-30T20:34:42.416540+0300 - INFO - Request to access /service_in_hand/1 
Log: [743f4f45-12e6-46cb-8fc7-a6b4b643af4b: 2023-05-30T20:34:42.416540+0300 - INFO - Request to access /service_in_hand/1 
Log: [743f4f45-12e6-46cb-8fc7-a6b4b643af4b: 2023-05-30T20:34:42.429508+0300 - INFO - Successfully accessed /service_in_hand/1 
Log: [743f4f45-12e6-46cb-8fc7-a6b4b643af4b: 2023-05-30T20:34:42.429508+0300 - INFO - Successfully accessed /service_in_hand/1 
Log: [1eb5b6ed-03be-41fd-83fe-d66195a8c1c9: 2023-05-30T20:34:42.630967+0300 - INFO - Request to access /service_in_hand/2 
Log: [1eb5b6ed-03be-41fd-83fe-d66195a8c1c9: 2023-05-30T20:34:42.630967+0300 - INFO - Request to access /service_in_hand/2 
Log: [1eb5b6ed-03be-41fd-83fe-d66195a8c1c9: 2023-05-30T20:34:42.642984+0300 - INFO - Successfully accessed /service_in_hand/2 
Log: [1eb5b6ed-03be-41fd-83fe-d66195a8c1c9: 2023-05-30T20:34:42.642984+0300 - INFO - Successfully accessed /service_in_hand/2 
Log: [bcb16b0f-a3f7-4668-bc65-e7eb1270c89a: 2023-05-30T20:34:42.988012+0300 - INFO - Request to access /service_in_hand/4 
Log: [bcb16b0f-a3f7-4668-bc65-e7eb1270c89a: 2023-05-30T20:34:42.988012+0300 - INFO - Request to access /service_in_hand/4 
Log: [bcb16b0f-a3f7-4668-bc65-e7eb1270c89a: 2023-05-30T20:34:43.004967+0300 - INFO - Successfully accessed /service_in_hand/4 
Log: [bcb16b0f-a3f7-4668-bc65-e7eb1270c89a: 2023-05-30T20:34:43.004967+0300 - INFO - Successfully accessed /service_in_hand/4 
Log: [71cc092f-814d-4121-abb1-676a758dabc0: 2023-05-30T20:37:20.472105+0300 - INFO - Request to access /service_in_hand/3 
Log: [71cc092f-814d-4121-abb1-676a758dabc0: 2023-05-30T20:37:20.472105+0300 - INFO - Request to access /service_in_hand/3 
Log: [18f2921e-7e0f-401c-9c75-55027dcce9e1: 2023-05-30T20:37:20.476095+0300 - INFO - Request to access /service_in_hand/2 
Log: [18f2921e-7e0f-401c-9c75-55027dcce9e1: 2023-05-30T20:37:20.476095+0300 - INFO - Request to access /service_in_hand/2 
Log: [5e913477-2c38-4f5b-9435-3f348bb165cc: 2023-05-30T20:37:20.478091+0300 - INFO - Request to access /service_in_hand/1 
Log: [5e913477-2c38-4f5b-9435-3f348bb165cc: 2023-05-30T20:37:20.478091+0300 - INFO - Request to access /service_in_hand/1 
Log: [6793afc2-31d2-4c5c-94c9-c511879e788c: 2023-05-30T20:37:20.483078+0300 - INFO - Request to access /service_in_hand/4 
Log: [6793afc2-31d2-4c5c-94c9-c511879e788c: 2023-05-30T20:37:20.483078+0300 - INFO - Request to access /service_in_hand/4 
Log: [71cc092f-814d-4121-abb1-676a758dabc0: 2023-05-30T20:37:20.498037+0300 - INFO - Successfully accessed /service_in_hand/3 
Log: [71cc092f-814d-4121-abb1-676a758dabc0: 2023-05-30T20:37:20.498037+0300 - INFO - Successfully accessed /service_in_hand/3 
Log: [18f2921e-7e0f-401c-9c75-55027dcce9e1: 2023-05-30T20:37:20.501028+0300 - INFO - Successfully accessed /service_in_hand/2 
Log: [18f2921e-7e0f-401c-9c75-55027dcce9e1: 2023-05-30T20:37:20.501028+0300 - INFO - Successfully accessed /service_in_hand/2 
Log: [5e913477-2c38-4f5b-9435-3f348bb165cc: 2023-05-30T20:37:20.513994+0300 - INFO - Successfully accessed /service_in_hand/1 
Log: [5e913477-2c38-4f5b-9435-3f348bb165cc: 2023-05-30T20:37:20.513994+0300 - INFO - Successfully accessed /service_in_hand/1 
Log: [6793afc2-31d2-4c5c-94c9-c511879e788c: 2023-05-30T20:37:20.517984+0300 - INFO - Successfully accessed /service_in_hand/4 
Log: [6793afc2-31d2-4c5c-94c9-c511879e788c: 2023-05-30T20:37:20.517984+0300 - INFO - Successfully accessed /service_in_hand/4 
Log: [8115141b-4977-4e82-8477-f2fc874f47f4: 2023-05-30T20:39:27.311886+0300 - INFO - Request to access /service_in_hand/3 
Log: [6199c39f-da7c-4379-94bd-34c57cc4a8c7: 2023-05-30T20:39:27.339809+0300 - INFO - Request to access /service_in_hand/4 
Log: [6199c39f-da7c-4379-94bd-34c57cc4a8c7: 2023-05-30T20:39:27.339809+0300 - INFO - Request to access /service_in_hand/4 
Log: [73674303-13f5-454f-9b14-6435fe20d5ae: 2023-05-30T20:39:27.347788+0300 - INFO - Request to access /service_in_hand/1 
Log: [73674303-13f5-454f-9b14-6435fe20d5ae: 2023-05-30T20:39:27.347788+0300 - INFO - Request to access /service_in_hand/1 
Log: [c22bcd2c-d40c-4de2-a5c4-aca8585c2160: 2023-05-30T20:39:27.407630+0300 - INFO - Request to access /service_in_hand/2 
Log: [c22bcd2c-d40c-4de2-a5c4-aca8585c2160: 2023-05-30T20:39:27.407630+0300 - INFO - Request to access /service_in_hand/2 
Log: [8115141b-4977-4e82-8477-f2fc874f47f4: 2023-05-30T20:39:27.483426+0300 - INFO - Successfully accessed /service_in_hand/3 
Log: [8115141b-4977-4e82-8477-f2fc874f47f4: 2023-05-30T20:39:27.483426+0300 - INFO - Successfully accessed /service_in_hand/3 
Log: [c22bcd2c-d40c-4de2-a5c4-aca8585c2160: 2023-05-30T20:39:27.489409+0300 - INFO - Successfully accessed /service_in_hand/2 
Log: [c22bcd2c-d40c-4de2-a5c4-aca8585c2160: 2023-05-30T20:39:27.489409+0300 - INFO - Successfully accessed /service_in_hand/2 
Log: [6199c39f-da7c-4379-94bd-34c57cc4a8c7: 2023-05-30T20:39:27.492402+0300 - INFO - Successfully accessed /service_in_hand/4 
Log: [6199c39f-da7c-4379-94bd-34c57cc4a8c7: 2023-05-30T20:39:27.492402+0300 - INFO - Successfully accessed /service_in_hand/4 
Log: [73674303-13f5-454f-9b14-6435fe20d5ae: 2023-05-30T20:39:27.495393+0300 - INFO - Successfully accessed /service_in_hand/1 
Log: [73674303-13f5-454f-9b14-6435fe20d5ae: 2023-05-30T20:39:27.495393+0300 - INFO - Successfully accessed /service_in_hand/1 
Log: [98291901-aa1c-43d8-a944-519860221f37: 2023-05-30T20:39:30.583046+0300 - INFO - Request to access /service_in_hand/3 
Log: [98291901-aa1c-43d8-a944-519860221f37: 2023-05-30T20:39:30.583046+0300 - INFO - Request to access /service_in_hand/3 
Log: [0d12aea9-07d9-4fcd-a2c4-b345265fce7a: 2023-05-30T20:39:30.591026+0300 - INFO - Request to access /service_in_hand/1 
Log: [0d12aea9-07d9-4fcd-a2c4-b345265fce7a: 2023-05-30T20:39:30.591026+0300 - INFO - Request to access /service_in_hand/1 
Log: [98291901-aa1c-43d8-a944-519860221f37: 2023-05-30T20:39:30.604989+0300 - INFO - Successfully accessed /service_in_hand/3 
Log: [98291901-aa1c-43d8-a944-519860221f37: 2023-05-30T20:39:30.604989+0300 - INFO - Successfully accessed /service_in_hand/3 
Log: [34ec68f9-225f-4a2e-a073-9a992bf8a49d: 2023-05-30T20:39:30.809444+0300 - INFO - Request to access /service_in_hand/2 
Log: [34ec68f9-225f-4a2e-a073-9a992bf8a49d: 2023-05-30T20:39:30.809444+0300 - INFO - Request to access /service_in_hand/2 
Log: [1fd107d0-3448-46e8-94c5-2f63fd4b9856: 2023-05-30T20:39:30.857314+0300 - INFO - Request to access /service_in_hand/4 
Log: [1fd107d0-3448-46e8-94c5-2f63fd4b9856: 2023-05-30T20:39:30.857314+0300 - INFO - Request to access /service_in_hand/4 
Log: [0d12aea9-07d9-4fcd-a2c4-b345265fce7a: 2023-05-30T20:39:31.033840+0300 - INFO - Successfully accessed /service_in_hand/1 
Log: [0d12aea9-07d9-4fcd-a2c4-b345265fce7a: 2023-05-30T20:39:31.033840+0300 - INFO - Successfully accessed /service_in_hand/1 
Log: [1fd107d0-3448-46e8-94c5-2f63fd4b9856: 2023-05-30T20:39:31.126595+0300 - INFO - Successfully accessed /service_in_hand/4 
Log: [1fd107d0-3448-46e8-94c5-2f63fd4b9856: 2023-05-30T20:39:31.126595+0300 - INFO - Successfully accessed /service_in_hand/4 
Log: [34ec68f9-225f-4a2e-a073-9a992bf8a49d: 2023-05-30T20:39:31.133574+0300 - INFO - Successfully accessed /service_in_hand/2 
Log: [34ec68f9-225f-4a2e-a073-9a992bf8a49d: 2023-05-30T20:39:31.133574+0300 - INFO - Successfully accessed /service_in_hand/2 
Log: [bf4f5a3c-b244-4122-bfbd-238263fea18c: 2023-05-30T20:39:41.973529+0300 - INFO - Request to access /service_in_hand/3 
Log: [bf4f5a3c-b244-4122-bfbd-238263fea18c: 2023-05-30T20:39:41.973529+0300 - INFO - Request to access /service_in_hand/3 
Log: [bf4f5a3c-b244-4122-bfbd-238263fea18c: 2023-05-30T20:39:41.985498+0300 - INFO - Successfully accessed /service_in_hand/3 
Log: [662e1691-3f1f-4ca3-b971-480385de0091: 2023-05-30T20:39:42.001456+0300 - INFO - Request to access /service_in_hand/1 
Log: [662e1691-3f1f-4ca3-b971-480385de0091: 2023-05-30T20:39:42.001456+0300 - INFO - Request to access /service_in_hand/1 
Log: [662e1691-3f1f-4ca3-b971-480385de0091: 2023-05-30T20:39:42.010431+0300 - INFO - Successfully accessed /service_in_hand/1 
Log: [662e1691-3f1f-4ca3-b971-480385de0091: 2023-05-30T20:39:42.010431+0300 - INFO - Successfully accessed /service_in_hand/1 
Log: [593c2e33-49d7-4bbd-a600-907f6ed64dd2: 2023-05-30T20:39:42.029380+0300 - INFO - Request to access /service_in_hand/2 
Log: [593c2e33-49d7-4bbd-a600-907f6ed64dd2: 2023-05-30T20:39:42.029380+0300 - INFO - Request to access /service_in_hand/2 
Log: [593c2e33-49d7-4bbd-a600-907f6ed64dd2: 2023-05-30T20:39:42.037360+0300 - INFO - Successfully accessed /service_in_hand/2 
Log: [593c2e33-49d7-4bbd-a600-907f6ed64dd2: 2023-05-30T20:39:42.037360+0300 - INFO - Successfully accessed /service_in_hand/2 
Log: [2af385ca-3daf-4f0f-9f03-7eb0d0e6568f: 2023-05-30T20:39:42.081244+0300 - INFO - Request to access /service_in_hand/4 
Log: [2af385ca-3daf-4f0f-9f03-7eb0d0e6568f: 2023-05-30T20:39:42.081244+0300 - INFO - Request to access /service_in_hand/4 
Log: [2af385ca-3daf-4f0f-9f03-7eb0d0e6568f: 2023-05-30T20:39:42.093210+0300 - INFO - Successfully accessed /service_in_hand/4 
Log: [2af385ca-3daf-4f0f-9f03-7eb0d0e6568f: 2023-05-30T20:39:42.093210+0300 - INFO - Successfully accessed /service_in_hand/4 
Log: [29d2a5fb-8a05-4f15-b0f2-9fc0d2c2cb39: 2023-05-30T20:39:43.390751+0300 - INFO - Request to access /service_in_hand/3 
Log: [29d2a5fb-8a05-4f15-b0f2-9fc0d2c2cb39: 2023-05-30T20:39:43.390751+0300 - INFO - Request to access /service_in_hand/3 
Log: [29d2a5fb-8a05-4f15-b0f2-9fc0d2c2cb39: 2023-05-30T20:39:43.399717+0300 - INFO - Successfully accessed /service_in_hand/3 
Log: [29d2a5fb-8a05-4f15-b0f2-9fc0d2c2cb39: 2023-05-30T20:39:43.399717+0300 - INFO - Successfully accessed /service_in_hand/3 
Log: [46a3d2cf-0b63-4566-99c4-b634779d8ce5: 2023-05-30T20:39:43.663012+0300 - INFO - Request to access /service_in_hand/1 
Log: [46a3d2cf-0b63-4566-99c4-b634779d8ce5: 2023-05-30T20:39:43.663012+0300 - INFO - Request to access /service_in_hand/1 
Log: [46a3d2cf-0b63-4566-99c4-b634779d8ce5: 2023-05-30T20:39:43.670991+0300 - INFO - Successfully accessed /service_in_hand/1 
Log: [46a3d2cf-0b63-4566-99c4-b634779d8ce5: 2023-05-30T20:39:43.670991+0300 - INFO - Successfully accessed /service_in_hand/1 
Log: [5b04ab6c-71aa-4ad0-b5c8-412d838b9457: 2023-05-30T20:39:44.238475+0300 - INFO - Request to access /service_in_hand/2 
Log: [5b04ab6c-71aa-4ad0-b5c8-412d838b9457: 2023-05-30T20:39:44.238475+0300 - INFO - Request to access /service_in_hand/2 
Log: [5b04ab6c-71aa-4ad0-b5c8-412d838b9457: 2023-05-30T20:39:44.246452+0300 - INFO - Successfully accessed /service_in_hand/2 
Log: [5b04ab6c-71aa-4ad0-b5c8-412d838b9457: 2023-05-30T20:39:44.246452+0300 - INFO - Successfully accessed /service_in_hand/2 
Log: [ba81e176-05f2-4e0a-a4d5-e0c354e81147: 2023-05-30T20:39:44.787005+0300 - INFO - Request to access /service_in_hand/4 
Log: [ba81e176-05f2-4e0a-a4d5-e0c354e81147: 2023-05-30T20:39:44.787005+0300 - INFO - Request to access /service_in_hand/4 
Log: [ba81e176-05f2-4e0a-a4d5-e0c354e81147: 2023-05-30T20:39:44.796980+0300 - INFO - Successfully accessed /service_in_hand/4 
Log: [ba81e176-05f2-4e0a-a4d5-e0c354e81147: 2023-05-30T20:39:44.796980+0300 - INFO - Successfully accessed /service_in_hand/4 
Log: [57456db7-7532-43c6-bf3f-e7b68745bdf4: 2023-05-30T20:39:45.500099+0300 - INFO - Request to access /service_in_hand/3 
Log: [57456db7-7532-43c6-bf3f-e7b68745bdf4: 2023-05-30T20:39:45.500099+0300 - INFO - Request to access /service_in_hand/3 
Log: [57456db7-7532-43c6-bf3f-e7b68745bdf4: 2023-05-30T20:39:45.508078+0300 - INFO - Successfully accessed /service_in_hand/3 
Log: [57456db7-7532-43c6-bf3f-e7b68745bdf4: 2023-05-30T20:39:45.508078+0300 - INFO - Successfully accessed /service_in_hand/3 
Log: [f97616f7-3ebb-41da-a279-9418dcf7458e: 2023-05-30T20:39:45.516057+0300 - INFO - Request to access /service_in_hand/1 
Log: [f97616f7-3ebb-41da-a279-9418dcf7458e: 2023-05-30T20:39:45.516057+0300 - INFO - Request to access /service_in_hand/1 
Log: [f97616f7-3ebb-41da-a279-9418dcf7458e: 2023-05-30T20:39:45.525038+0300 - INFO - Successfully accessed /service_in_hand/1 
Log: [f97616f7-3ebb-41da-a279-9418dcf7458e: 2023-05-30T20:39:45.525038+0300 - INFO - Successfully accessed /service_in_hand/1 
Log: [728d06ad-daae-47d9-a34b-4536457267b3: 2023-05-30T20:39:51.679476+0300 - INFO - Request to access /service_in_hand/2 
Log: [728d06ad-daae-47d9-a34b-4536457267b3: 2023-05-30T20:39:51.679476+0300 - INFO - Request to access /service_in_hand/2 
Log: [728d06ad-daae-47d9-a34b-4536457267b3: 2023-05-30T20:39:51.685461+0300 - INFO - Successfully accessed /service_in_hand/2 
Log: [728d06ad-daae-47d9-a34b-4536457267b3: 2023-05-30T20:39:51.685461+0300 - INFO - Successfully accessed /service_in_hand/2 
Log: [2e630f87-a894-40a6-bb88-51714ca2a7b7: 2023-05-30T20:39:58.657798+0300 - INFO - Request to access /service_in_hand/2 
Log: [2e630f87-a894-40a6-bb88-51714ca2a7b7: 2023-05-30T20:39:58.657798+0300 - INFO - Request to access /service_in_hand/2 
Log: [2e630f87-a894-40a6-bb88-51714ca2a7b7: 2023-05-30T20:39:58.677745+0300 - INFO - Successfully accessed /service_in_hand/2 
Log: [2e630f87-a894-40a6-bb88-51714ca2a7b7: 2023-05-30T20:39:58.677745+0300 - INFO - Successfully accessed /service_in_hand/2 
Log: [e5216eee-9253-42ab-8cbd-b59acb8c2e55: 2023-05-30T20:40:00.326336+0300 - INFO - Request to access /service_in_hand/3 
Log: [e5216eee-9253-42ab-8cbd-b59acb8c2e55: 2023-05-30T20:40:00.326336+0300 - INFO - Request to access /service_in_hand/3 
Log: [e5216eee-9253-42ab-8cbd-b59acb8c2e55: 2023-05-30T20:40:00.334315+0300 - INFO - Successfully accessed /service_in_hand/3 
Log: [e5216eee-9253-42ab-8cbd-b59acb8c2e55: 2023-05-30T20:40:00.334315+0300 - INFO - Successfully accessed /service_in_hand/3 
Log: [2f842f6c-aa3a-429a-9ccf-8272b4774d74: 2023-05-30T20:40:00.358252+0300 - INFO - Request to access /service_in_hand/1 
Log: [2f842f6c-aa3a-429a-9ccf-8272b4774d74: 2023-05-30T20:40:00.358252+0300 - INFO - Request to access /service_in_hand/1 
Log: [2f842f6c-aa3a-429a-9ccf-8272b4774d74: 2023-05-30T20:40:00.371218+0300 - INFO - Successfully accessed /service_in_hand/1 
Log: [2f842f6c-aa3a-429a-9ccf-8272b4774d74: 2023-05-30T20:40:00.371218+0300 - INFO - Successfully accessed /service_in_hand/1 
Log: [1ae77e1b-4ef6-46e3-9481-334b8be3bd37: 2023-05-30T20:40:00.382193+0300 - INFO - Request to access /service_in_hand/2 
Log: [1ae77e1b-4ef6-46e3-9481-334b8be3bd37: 2023-05-30T20:40:00.382193+0300 - INFO - Request to access /service_in_hand/2 
Log: [1ae77e1b-4ef6-46e3-9481-334b8be3bd37: 2023-05-30T20:40:00.388173+0300 - INFO - Successfully accessed /service_in_hand/2 
Log: [1ae77e1b-4ef6-46e3-9481-334b8be3bd37: 2023-05-30T20:40:00.388173+0300 - INFO - Successfully accessed /service_in_hand/2 
Log: [6e152ce7-935e-4ae1-ab72-1d255caac61b: 2023-05-30T20:40:00.399143+0300 - INFO - Request to access /service_in_hand/4 
Log: [6e152ce7-935e-4ae1-ab72-1d255caac61b: 2023-05-30T20:40:00.399143+0300 - INFO - Request to access /service_in_hand/4 
Log: [6e152ce7-935e-4ae1-ab72-1d255caac61b: 2023-05-30T20:40:00.405126+0300 - INFO - Successfully accessed /service_in_hand/4 
Log: [6e152ce7-935e-4ae1-ab72-1d255caac61b: 2023-05-30T20:40:00.405126+0300 - INFO - Successfully accessed /service_in_hand/4 
Log: [7732ae5d-96d7-4c3b-91a1-3cf7bd1bef90: 2023-05-31T10:45:26.838772+0300 - INFO - Request to access / 
Log: [7732ae5d-96d7-4c3b-91a1-3cf7bd1bef90: 2023-05-31T10:45:26.838772+0300 - INFO - Request to access / 
Log: [7732ae5d-96d7-4c3b-91a1-3cf7bd1bef90: 2023-05-31T10:45:26.843760+0300 - INFO - Successfully accessed / 
Log: [7732ae5d-96d7-4c3b-91a1-3cf7bd1bef90: 2023-05-31T10:45:26.843760+0300 - INFO - Successfully accessed / 
Log: [70dc4bc8-6c3e-4a77-aacc-966a5691caeb: 2023-05-31T10:45:43.626256+0300 - INFO - Request to access /service_in_hand/1 
Log: [70dc4bc8-6c3e-4a77-aacc-966a5691caeb: 2023-05-31T10:45:43.633211+0300 - INFO - Successfully accessed /service_in_hand/1 
Log: [70dc4bc8-6c3e-4a77-aacc-966a5691caeb: 2023-05-31T10:45:43.633211+0300 - INFO - Successfully accessed /service_in_hand/1 
